ERROR - 2022-10-06 10:15:30 --> Error connecting to the database: mysqli_sql_exception: No such file or directory in /home/rendi/Documents/Project/Mutation/system/Database/MySQLi/Connection.php:171
Stack trace:
#0 /home/rendi/Documents/Project/Mutation/system/Database/MySQLi/Connection.php(171): mysqli->real_connect()
#1 /home/rendi/Documents/Project/Mutation/system/Database/BaseConnection.php(382): CodeIgniter\Database\MySQLi\Connection->connect()
#2 /home/rendi/Documents/Project/Mutation/system/Database/Database.php(67): CodeIgniter\Database\BaseConnection->initialize()
#3 /home/rendi/Documents/Project/Mutation/system/Database/Config.php(105): CodeIgniter\Database\Database->loadForge()
#4 /home/rendi/Documents/Project/Mutation/system/Database/Seeder.php(96): CodeIgniter\Database\Config::forge()
#5 /home/rendi/Documents/Project/Mutation/system/Commands/Database/Seed.php(69): CodeIgniter\Database\Seeder->__construct()
#6 /home/rendi/Documents/Project/Mutation/system/CLI/Commands.php(63): CodeIgniter\Commands\Database\Seed->run()
#7 /home/rendi/Documents/Project/Mutation/system/CLI/CommandRunner.php(65): CodeIgniter\CLI\Commands->run()
#8 /home/rendi/Documents/Project/Mutation/system/CLI/CommandRunner.php(51): CodeIgniter\CLI\CommandRunner->index()
#9 /home/rendi/Documents/Project/Mutation/system/CodeIgniter.php(900): CodeIgniter\CLI\CommandRunner->_remap()
#10 /home/rendi/Documents/Project/Mutation/system/CodeIgniter.php(457): CodeIgniter\CodeIgniter->runController()
#11 /home/rendi/Documents/Project/Mutation/system/CodeIgniter.php(336): CodeIgniter\CodeIgniter->handleRequest()
#12 /home/rendi/Documents/Project/Mutation/system/CLI/Console.php(48): CodeIgniter\CodeIgniter->run()
#13 /home/rendi/Documents/Project/Mutation/spark(98): CodeIgniter\CLI\Console->run()
#14 {main}

Next CodeIgniter\Database\Exceptions\DatabaseException: No such file or directory in /home/rendi/Documents/Project/Mutation/system/Database/MySQLi/Connection.php:215
Stack trace:
#0 /home/rendi/Documents/Project/Mutation/system/Database/BaseConnection.php(382): CodeIgniter\Database\MySQLi\Connection->connect()
#1 /home/rendi/Documents/Project/Mutation/system/Database/Database.php(67): CodeIgniter\Database\BaseConnection->initialize()
#2 /home/rendi/Documents/Project/Mutation/system/Database/Config.php(105): CodeIgniter\Database\Database->loadForge()
#3 /home/rendi/Documents/Project/Mutation/system/Database/Seeder.php(96): CodeIgniter\Database\Config::forge()
#4 /home/rendi/Documents/Project/Mutation/system/Commands/Database/Seed.php(69): CodeIgniter\Database\Seeder->__construct()
#5 /home/rendi/Documents/Project/Mutation/system/CLI/Commands.php(63): CodeIgniter\Commands\Database\Seed->run()
#6 /home/rendi/Documents/Project/Mutation/system/CLI/CommandRunner.php(65): CodeIgniter\CLI\Commands->run()
#7 /home/rendi/Documents/Project/Mutation/system/CLI/CommandRunner.php(51): CodeIgniter\CLI\CommandRunner->index()
#8 /home/rendi/Documents/Project/Mutation/system/CodeIgniter.php(900): CodeIgniter\CLI\CommandRunner->_remap()
#9 /home/rendi/Documents/Project/Mutation/system/CodeIgniter.php(457): CodeIgniter\CodeIgniter->runController()
#10 /home/rendi/Documents/Project/Mutation/system/CodeIgniter.php(336): CodeIgniter\CodeIgniter->handleRequest()
#11 /home/rendi/Documents/Project/Mutation/system/CLI/Console.php(48): CodeIgniter\CodeIgniter->run()
#12 /home/rendi/Documents/Project/Mutation/spark(98): CodeIgniter\CLI\Console->run()
#13 {main}
CRITICAL - 2022-10-06 10:15:30 --> Unable to connect to the database.
Main connection [MySQLi]: No such file or directory
in SYSTEMPATH/Database/BaseConnection.php on line 418.
 1 SYSTEMPATH/Database/Database.php(67): CodeIgniter\Database\BaseConnection->initialize()
 2 SYSTEMPATH/Database/Config.php(105): CodeIgniter\Database\Database->loadForge()
 3 SYSTEMPATH/Database/Seeder.php(96): CodeIgniter\Database\Config::forge()
 4 SYSTEMPATH/Commands/Database/Seed.php(69): CodeIgniter\Database\Seeder->__construct()
 5 SYSTEMPATH/CLI/Commands.php(63): CodeIgniter\Commands\Database\Seed->run()
 6 SYSTEMPATH/CLI/CommandRunner.php(65): CodeIgniter\CLI\Commands->run()
 7 SYSTEMPATH/CLI/CommandRunner.php(51): CodeIgniter\CLI\CommandRunner->index()
 8 SYSTEMPATH/CodeIgniter.php(900): CodeIgniter\CLI\CommandRunner->_remap()
 9 SYSTEMPATH/CodeIgniter.php(457): CodeIgniter\CodeIgniter->runController()
10 SYSTEMPATH/CodeIgniter.php(336): CodeIgniter\CodeIgniter->handleRequest()
11 SYSTEMPATH/CLI/Console.php(48): CodeIgniter\CodeIgniter->run()
12 ROOTPATH/spark(98): CodeIgniter\CLI\Console->run()
ERROR - 2022-10-06 10:17:36 --> Error connecting to the database: mysqli_sql_exception: No such file or directory in /home/rendi/Documents/Project/Mutation/system/Database/MySQLi/Connection.php:171
Stack trace:
#0 /home/rendi/Documents/Project/Mutation/system/Database/MySQLi/Connection.php(171): mysqli->real_connect()
#1 /home/rendi/Documents/Project/Mutation/system/Database/BaseConnection.php(382): CodeIgniter\Database\MySQLi\Connection->connect()
#2 /home/rendi/Documents/Project/Mutation/system/Database/Database.php(67): CodeIgniter\Database\BaseConnection->initialize()
#3 /home/rendi/Documents/Project/Mutation/system/Database/Config.php(105): CodeIgniter\Database\Database->loadForge()
#4 /home/rendi/Documents/Project/Mutation/system/Database/Seeder.php(96): CodeIgniter\Database\Config::forge()
#5 /home/rendi/Documents/Project/Mutation/system/Commands/Database/Seed.php(69): CodeIgniter\Database\Seeder->__construct()
#6 /home/rendi/Documents/Project/Mutation/system/CLI/Commands.php(63): CodeIgniter\Commands\Database\Seed->run()
#7 /home/rendi/Documents/Project/Mutation/system/CLI/CommandRunner.php(65): CodeIgniter\CLI\Commands->run()
#8 /home/rendi/Documents/Project/Mutation/system/CLI/CommandRunner.php(51): CodeIgniter\CLI\CommandRunner->index()
#9 /home/rendi/Documents/Project/Mutation/system/CodeIgniter.php(900): CodeIgniter\CLI\CommandRunner->_remap()
#10 /home/rendi/Documents/Project/Mutation/system/CodeIgniter.php(457): CodeIgniter\CodeIgniter->runController()
#11 /home/rendi/Documents/Project/Mutation/system/CodeIgniter.php(336): CodeIgniter\CodeIgniter->handleRequest()
#12 /home/rendi/Documents/Project/Mutation/system/CLI/Console.php(48): CodeIgniter\CodeIgniter->run()
#13 /home/rendi/Documents/Project/Mutation/spark(98): CodeIgniter\CLI\Console->run()
#14 {main}

Next CodeIgniter\Database\Exceptions\DatabaseException: No such file or directory in /home/rendi/Documents/Project/Mutation/system/Database/MySQLi/Connection.php:215
Stack trace:
#0 /home/rendi/Documents/Project/Mutation/system/Database/BaseConnection.php(382): CodeIgniter\Database\MySQLi\Connection->connect()
#1 /home/rendi/Documents/Project/Mutation/system/Database/Database.php(67): CodeIgniter\Database\BaseConnection->initialize()
#2 /home/rendi/Documents/Project/Mutation/system/Database/Config.php(105): CodeIgniter\Database\Database->loadForge()
#3 /home/rendi/Documents/Project/Mutation/system/Database/Seeder.php(96): CodeIgniter\Database\Config::forge()
#4 /home/rendi/Documents/Project/Mutation/system/Commands/Database/Seed.php(69): CodeIgniter\Database\Seeder->__construct()
#5 /home/rendi/Documents/Project/Mutation/system/CLI/Commands.php(63): CodeIgniter\Commands\Database\Seed->run()
#6 /home/rendi/Documents/Project/Mutation/system/CLI/CommandRunner.php(65): CodeIgniter\CLI\Commands->run()
#7 /home/rendi/Documents/Project/Mutation/system/CLI/CommandRunner.php(51): CodeIgniter\CLI\CommandRunner->index()
#8 /home/rendi/Documents/Project/Mutation/system/CodeIgniter.php(900): CodeIgniter\CLI\CommandRunner->_remap()
#9 /home/rendi/Documents/Project/Mutation/system/CodeIgniter.php(457): CodeIgniter\CodeIgniter->runController()
#10 /home/rendi/Documents/Project/Mutation/system/CodeIgniter.php(336): CodeIgniter\CodeIgniter->handleRequest()
#11 /home/rendi/Documents/Project/Mutation/system/CLI/Console.php(48): CodeIgniter\CodeIgniter->run()
#12 /home/rendi/Documents/Project/Mutation/spark(98): CodeIgniter\CLI\Console->run()
#13 {main}
CRITICAL - 2022-10-06 10:17:36 --> Unable to connect to the database.
Main connection [MySQLi]: No such file or directory
in SYSTEMPATH/Database/BaseConnection.php on line 418.
 1 SYSTEMPATH/Database/Database.php(67): CodeIgniter\Database\BaseConnection->initialize()
 2 SYSTEMPATH/Database/Config.php(105): CodeIgniter\Database\Database->loadForge()
 3 SYSTEMPATH/Database/Seeder.php(96): CodeIgniter\Database\Config::forge()
 4 SYSTEMPATH/Commands/Database/Seed.php(69): CodeIgniter\Database\Seeder->__construct()
 5 SYSTEMPATH/CLI/Commands.php(63): CodeIgniter\Commands\Database\Seed->run()
 6 SYSTEMPATH/CLI/CommandRunner.php(65): CodeIgniter\CLI\Commands->run()
 7 SYSTEMPATH/CLI/CommandRunner.php(51): CodeIgniter\CLI\CommandRunner->index()
 8 SYSTEMPATH/CodeIgniter.php(900): CodeIgniter\CLI\CommandRunner->_remap()
 9 SYSTEMPATH/CodeIgniter.php(457): CodeIgniter\CodeIgniter->runController()
10 SYSTEMPATH/CodeIgniter.php(336): CodeIgniter\CodeIgniter->handleRequest()
11 SYSTEMPATH/CLI/Console.php(48): CodeIgniter\CodeIgniter->run()
12 ROOTPATH/spark(98): CodeIgniter\CLI\Console->run()
ERROR - 2022-10-06 10:17:52 --> Error connecting to the database: mysqli_sql_exception: No such file or directory in /home/rendi/Documents/Project/Mutation/system/Database/MySQLi/Connection.php:171
Stack trace:
#0 /home/rendi/Documents/Project/Mutation/system/Database/MySQLi/Connection.php(171): mysqli->real_connect()
#1 /home/rendi/Documents/Project/Mutation/system/Database/BaseConnection.php(382): CodeIgniter\Database\MySQLi\Connection->connect()
#2 /home/rendi/Documents/Project/Mutation/system/Database/BaseConnection.php(588): CodeIgniter\Database\BaseConnection->initialize()
#3 /home/rendi/Documents/Project/Mutation/system/Database/BaseConnection.php(1385): CodeIgniter\Database\BaseConnection->query()
#4 /home/rendi/Documents/Project/Mutation/system/Database/BaseConnection.php(1419): CodeIgniter\Database\BaseConnection->listTables()
#5 /home/rendi/Documents/Project/Mutation/system/Database/MigrationRunner.php(759): CodeIgniter\Database\BaseConnection->tableExists()
#6 /home/rendi/Documents/Project/Mutation/system/Database/MigrationRunner.php(167): CodeIgniter\Database\MigrationRunner->ensureTable()
#7 /home/rendi/Documents/Project/Mutation/system/Commands/Database/Migrate.php(84): CodeIgniter\Database\MigrationRunner->latest()
#8 /home/rendi/Documents/Project/Mutation/system/CLI/Commands.php(63): CodeIgniter\Commands\Database\Migrate->run()
#9 /home/rendi/Documents/Project/Mutation/system/CLI/CommandRunner.php(65): CodeIgniter\CLI\Commands->run()
#10 /home/rendi/Documents/Project/Mutation/system/CLI/CommandRunner.php(51): CodeIgniter\CLI\CommandRunner->index()
#11 /home/rendi/Documents/Project/Mutation/system/CodeIgniter.php(900): CodeIgniter\CLI\CommandRunner->_remap()
#12 /home/rendi/Documents/Project/Mutation/system/CodeIgniter.php(457): CodeIgniter\CodeIgniter->runController()
#13 /home/rendi/Documents/Project/Mutation/system/CodeIgniter.php(336): CodeIgniter\CodeIgniter->handleRequest()
#14 /home/rendi/Documents/Project/Mutation/system/CLI/Console.php(48): CodeIgniter\CodeIgniter->run()
#15 /home/rendi/Documents/Project/Mutation/spark(98): CodeIgniter\CLI\Console->run()
#16 {main}

Next CodeIgniter\Database\Exceptions\DatabaseException: No such file or directory in /home/rendi/Documents/Project/Mutation/system/Database/MySQLi/Connection.php:215
Stack trace:
#0 /home/rendi/Documents/Project/Mutation/system/Database/BaseConnection.php(382): CodeIgniter\Database\MySQLi\Connection->connect()
#1 /home/rendi/Documents/Project/Mutation/system/Database/BaseConnection.php(588): CodeIgniter\Database\BaseConnection->initialize()
#2 /home/rendi/Documents/Project/Mutation/system/Database/BaseConnection.php(1385): CodeIgniter\Database\BaseConnection->query()
#3 /home/rendi/Documents/Project/Mutation/system/Database/BaseConnection.php(1419): CodeIgniter\Database\BaseConnection->listTables()
#4 /home/rendi/Documents/Project/Mutation/system/Database/MigrationRunner.php(759): CodeIgniter\Database\BaseConnection->tableExists()
#5 /home/rendi/Documents/Project/Mutation/system/Database/MigrationRunner.php(167): CodeIgniter\Database\MigrationRunner->ensureTable()
#6 /home/rendi/Documents/Project/Mutation/system/Commands/Database/Migrate.php(84): CodeIgniter\Database\MigrationRunner->latest()
#7 /home/rendi/Documents/Project/Mutation/system/CLI/Commands.php(63): CodeIgniter\Commands\Database\Migrate->run()
#8 /home/rendi/Documents/Project/Mutation/system/CLI/CommandRunner.php(65): CodeIgniter\CLI\Commands->run()
#9 /home/rendi/Documents/Project/Mutation/system/CLI/CommandRunner.php(51): CodeIgniter\CLI\CommandRunner->index()
#10 /home/rendi/Documents/Project/Mutation/system/CodeIgniter.php(900): CodeIgniter\CLI\CommandRunner->_remap()
#11 /home/rendi/Documents/Project/Mutation/system/CodeIgniter.php(457): CodeIgniter\CodeIgniter->runController()
#12 /home/rendi/Documents/Project/Mutation/system/CodeIgniter.php(336): CodeIgniter\CodeIgniter->handleRequest()
#13 /home/rendi/Documents/Project/Mutation/system/CLI/Console.php(48): CodeIgniter\CodeIgniter->run()
#14 /home/rendi/Documents/Project/Mutation/spark(98): CodeIgniter\CLI\Console->run()
#15 {main}
ERROR - 2022-10-06 10:18:28 --> Error connecting to the database: mysqli_sql_exception: No such file or directory in /home/rendi/Documents/Project/Mutation/system/Database/MySQLi/Connection.php:171
Stack trace:
#0 /home/rendi/Documents/Project/Mutation/system/Database/MySQLi/Connection.php(171): mysqli->real_connect()
#1 /home/rendi/Documents/Project/Mutation/system/Database/BaseConnection.php(382): CodeIgniter\Database\MySQLi\Connection->connect()
#2 /home/rendi/Documents/Project/Mutation/system/Database/BaseConnection.php(588): CodeIgniter\Database\BaseConnection->initialize()
#3 /home/rendi/Documents/Project/Mutation/system/Database/BaseConnection.php(1385): CodeIgniter\Database\BaseConnection->query()
#4 /home/rendi/Documents/Project/Mutation/system/Database/BaseConnection.php(1419): CodeIgniter\Database\BaseConnection->listTables()
#5 /home/rendi/Documents/Project/Mutation/system/Database/MigrationRunner.php(759): CodeIgniter\Database\BaseConnection->tableExists()
#6 /home/rendi/Documents/Project/Mutation/system/Database/MigrationRunner.php(167): CodeIgniter\Database\MigrationRunner->ensureTable()
#7 /home/rendi/Documents/Project/Mutation/system/Commands/Database/Migrate.php(84): CodeIgniter\Database\MigrationRunner->latest()
#8 /home/rendi/Documents/Project/Mutation/system/CLI/Commands.php(63): CodeIgniter\Commands\Database\Migrate->run()
#9 /home/rendi/Documents/Project/Mutation/system/CLI/CommandRunner.php(65): CodeIgniter\CLI\Commands->run()
#10 /home/rendi/Documents/Project/Mutation/system/CLI/CommandRunner.php(51): CodeIgniter\CLI\CommandRunner->index()
#11 /home/rendi/Documents/Project/Mutation/system/CodeIgniter.php(900): CodeIgniter\CLI\CommandRunner->_remap()
#12 /home/rendi/Documents/Project/Mutation/system/CodeIgniter.php(457): CodeIgniter\CodeIgniter->runController()
#13 /home/rendi/Documents/Project/Mutation/system/CodeIgniter.php(336): CodeIgniter\CodeIgniter->handleRequest()
#14 /home/rendi/Documents/Project/Mutation/system/CLI/Console.php(48): CodeIgniter\CodeIgniter->run()
#15 /home/rendi/Documents/Project/Mutation/spark(98): CodeIgniter\CLI\Console->run()
#16 {main}

Next CodeIgniter\Database\Exceptions\DatabaseException: No such file or directory in /home/rendi/Documents/Project/Mutation/system/Database/MySQLi/Connection.php:215
Stack trace:
#0 /home/rendi/Documents/Project/Mutation/system/Database/BaseConnection.php(382): CodeIgniter\Database\MySQLi\Connection->connect()
#1 /home/rendi/Documents/Project/Mutation/system/Database/BaseConnection.php(588): CodeIgniter\Database\BaseConnection->initialize()
#2 /home/rendi/Documents/Project/Mutation/system/Database/BaseConnection.php(1385): CodeIgniter\Database\BaseConnection->query()
#3 /home/rendi/Documents/Project/Mutation/system/Database/BaseConnection.php(1419): CodeIgniter\Database\BaseConnection->listTables()
#4 /home/rendi/Documents/Project/Mutation/system/Database/MigrationRunner.php(759): CodeIgniter\Database\BaseConnection->tableExists()
#5 /home/rendi/Documents/Project/Mutation/system/Database/MigrationRunner.php(167): CodeIgniter\Database\MigrationRunner->ensureTable()
#6 /home/rendi/Documents/Project/Mutation/system/Commands/Database/Migrate.php(84): CodeIgniter\Database\MigrationRunner->latest()
#7 /home/rendi/Documents/Project/Mutation/system/CLI/Commands.php(63): CodeIgniter\Commands\Database\Migrate->run()
#8 /home/rendi/Documents/Project/Mutation/system/CLI/CommandRunner.php(65): CodeIgniter\CLI\Commands->run()
#9 /home/rendi/Documents/Project/Mutation/system/CLI/CommandRunner.php(51): CodeIgniter\CLI\CommandRunner->index()
#10 /home/rendi/Documents/Project/Mutation/system/CodeIgniter.php(900): CodeIgniter\CLI\CommandRunner->_remap()
#11 /home/rendi/Documents/Project/Mutation/system/CodeIgniter.php(457): CodeIgniter\CodeIgniter->runController()
#12 /home/rendi/Documents/Project/Mutation/system/CodeIgniter.php(336): CodeIgniter\CodeIgniter->handleRequest()
#13 /home/rendi/Documents/Project/Mutation/system/CLI/Console.php(48): CodeIgniter\CodeIgniter->run()
#14 /home/rendi/Documents/Project/Mutation/spark(98): CodeIgniter\CLI\Console->run()
#15 {main}
CRITICAL - 2022-10-06 11:30:22 --> Call to a member function format() on string
in APPPATH/Entities/User.php on line 40.
 1 SYSTEMPATH/Entity/Entity.php(491): App\Entities\User->getCreatedAt()
 2 SYSTEMPATH/Entity/Entity.php(173): CodeIgniter\Entity\Entity->__get()
 3 SYSTEMPATH/Entity/Entity.php(400): CodeIgniter\Entity\Entity->toArray()
 4 [internal function]: CodeIgniter\Entity\Entity->jsonSerialize()
 5 SYSTEMPATH/Format/JSONFormatter.php(38): json_encode()
 6 SYSTEMPATH/API/ResponseTrait.php(348): CodeIgniter\Format\JSONFormatter->format()
 7 SYSTEMPATH/API/ResponseTrait.php(99): CodeIgniter\RESTful\ResourceController->format()
 8 APPPATH/Controllers/UserController.php(25): CodeIgniter\RESTful\ResourceController->respond()
 9 SYSTEMPATH/CodeIgniter.php(907): App\Controllers\UserController->index()
10 SYSTEMPATH/CodeIgniter.php(457): CodeIgniter\CodeIgniter->runController()
11 SYSTEMPATH/CodeIgniter.php(340): CodeIgniter\CodeIgniter->handleRequest()
12 FCPATH/index.php(67): CodeIgniter\CodeIgniter->run()
13 SYSTEMPATH/Commands/Server/rewrite.php(43): require_once('FCPATH/index.php')
CRITICAL - 2022-10-06 11:31:40 --> Call to a member function format() on string
in APPPATH/Entities/User.php on line 40.
 1 SYSTEMPATH/Entity/Entity.php(491): App\Entities\User->getCreatedAt()
 2 SYSTEMPATH/Entity/Entity.php(173): CodeIgniter\Entity\Entity->__get()
 3 SYSTEMPATH/Entity/Entity.php(400): CodeIgniter\Entity\Entity->toArray()
 4 [internal function]: CodeIgniter\Entity\Entity->jsonSerialize()
 5 SYSTEMPATH/Format/JSONFormatter.php(38): json_encode()
 6 SYSTEMPATH/API/ResponseTrait.php(348): CodeIgniter\Format\JSONFormatter->format()
 7 SYSTEMPATH/API/ResponseTrait.php(99): CodeIgniter\RESTful\ResourceController->format()
 8 APPPATH/Controllers/UserController.php(25): CodeIgniter\RESTful\ResourceController->respond()
 9 SYSTEMPATH/CodeIgniter.php(907): App\Controllers\UserController->index()
10 SYSTEMPATH/CodeIgniter.php(457): CodeIgniter\CodeIgniter->runController()
11 SYSTEMPATH/CodeIgniter.php(340): CodeIgniter\CodeIgniter->handleRequest()
12 FCPATH/index.php(67): CodeIgniter\CodeIgniter->run()
13 SYSTEMPATH/Commands/Server/rewrite.php(43): require_once('FCPATH/index.php')
CRITICAL - 2022-10-06 11:33:50 --> Call to a member function format() on string
in APPPATH/Entities/User.php on line 40.
 1 SYSTEMPATH/Entity/Entity.php(491): App\Entities\User->getCreatedAt()
 2 SYSTEMPATH/Entity/Entity.php(173): CodeIgniter\Entity\Entity->__get()
 3 SYSTEMPATH/Entity/Entity.php(400): CodeIgniter\Entity\Entity->toArray()
 4 [internal function]: CodeIgniter\Entity\Entity->jsonSerialize()
 5 SYSTEMPATH/Format/JSONFormatter.php(38): json_encode()
 6 SYSTEMPATH/API/ResponseTrait.php(348): CodeIgniter\Format\JSONFormatter->format()
 7 SYSTEMPATH/API/ResponseTrait.php(99): CodeIgniter\RESTful\ResourceController->format()
 8 APPPATH/Controllers/UserController.php(25): CodeIgniter\RESTful\ResourceController->respond()
 9 SYSTEMPATH/CodeIgniter.php(907): App\Controllers\UserController->index()
10 SYSTEMPATH/CodeIgniter.php(457): CodeIgniter\CodeIgniter->runController()
11 SYSTEMPATH/CodeIgniter.php(340): CodeIgniter\CodeIgniter->handleRequest()
12 FCPATH/index.php(67): CodeIgniter\CodeIgniter->run()
13 SYSTEMPATH/Commands/Server/rewrite.php(43): require_once('FCPATH/index.php')
CRITICAL - 2022-10-06 11:33:51 --> Call to a member function format() on string
in APPPATH/Entities/User.php on line 40.
 1 SYSTEMPATH/Entity/Entity.php(491): App\Entities\User->getCreatedAt()
 2 SYSTEMPATH/Entity/Entity.php(173): CodeIgniter\Entity\Entity->__get()
 3 SYSTEMPATH/Entity/Entity.php(400): CodeIgniter\Entity\Entity->toArray()
 4 [internal function]: CodeIgniter\Entity\Entity->jsonSerialize()
 5 SYSTEMPATH/Format/JSONFormatter.php(38): json_encode()
 6 SYSTEMPATH/API/ResponseTrait.php(348): CodeIgniter\Format\JSONFormatter->format()
 7 SYSTEMPATH/API/ResponseTrait.php(99): CodeIgniter\RESTful\ResourceController->format()
 8 APPPATH/Controllers/UserController.php(25): CodeIgniter\RESTful\ResourceController->respond()
 9 SYSTEMPATH/CodeIgniter.php(907): App\Controllers\UserController->index()
10 SYSTEMPATH/CodeIgniter.php(457): CodeIgniter\CodeIgniter->runController()
11 SYSTEMPATH/CodeIgniter.php(340): CodeIgniter\CodeIgniter->handleRequest()
12 FCPATH/index.php(67): CodeIgniter\CodeIgniter->run()
13 SYSTEMPATH/Commands/Server/rewrite.php(43): require_once('FCPATH/index.php')
CRITICAL - 2022-10-06 11:33:51 --> Call to a member function format() on string
in APPPATH/Entities/User.php on line 40.
 1 SYSTEMPATH/Entity/Entity.php(491): App\Entities\User->getCreatedAt()
 2 SYSTEMPATH/Entity/Entity.php(173): CodeIgniter\Entity\Entity->__get()
 3 SYSTEMPATH/Entity/Entity.php(400): CodeIgniter\Entity\Entity->toArray()
 4 [internal function]: CodeIgniter\Entity\Entity->jsonSerialize()
 5 SYSTEMPATH/Format/JSONFormatter.php(38): json_encode()
 6 SYSTEMPATH/API/ResponseTrait.php(348): CodeIgniter\Format\JSONFormatter->format()
 7 SYSTEMPATH/API/ResponseTrait.php(99): CodeIgniter\RESTful\ResourceController->format()
 8 APPPATH/Controllers/UserController.php(25): CodeIgniter\RESTful\ResourceController->respond()
 9 SYSTEMPATH/CodeIgniter.php(907): App\Controllers\UserController->index()
10 SYSTEMPATH/CodeIgniter.php(457): CodeIgniter\CodeIgniter->runController()
11 SYSTEMPATH/CodeIgniter.php(340): CodeIgniter\CodeIgniter->handleRequest()
12 FCPATH/index.php(67): CodeIgniter\CodeIgniter->run()
13 SYSTEMPATH/Commands/Server/rewrite.php(43): require_once('FCPATH/index.php')
CRITICAL - 2022-10-06 11:34:37 --> Call to a member function format() on null
in APPPATH/Entities/User.php on line 40.
 1 SYSTEMPATH/Entity/Entity.php(491): App\Entities\User->getCreatedAt()
 2 SYSTEMPATH/Entity/Entity.php(173): CodeIgniter\Entity\Entity->__get()
 3 SYSTEMPATH/Entity/Entity.php(400): CodeIgniter\Entity\Entity->toArray()
 4 [internal function]: CodeIgniter\Entity\Entity->jsonSerialize()
 5 SYSTEMPATH/Format/JSONFormatter.php(38): json_encode()
 6 SYSTEMPATH/API/ResponseTrait.php(348): CodeIgniter\Format\JSONFormatter->format()
 7 SYSTEMPATH/API/ResponseTrait.php(99): CodeIgniter\RESTful\ResourceController->format()
 8 APPPATH/Controllers/UserController.php(25): CodeIgniter\RESTful\ResourceController->respond()
 9 SYSTEMPATH/CodeIgniter.php(907): App\Controllers\UserController->index()
10 SYSTEMPATH/CodeIgniter.php(457): CodeIgniter\CodeIgniter->runController()
11 SYSTEMPATH/CodeIgniter.php(340): CodeIgniter\CodeIgniter->handleRequest()
12 FCPATH/index.php(67): CodeIgniter\CodeIgniter->run()
13 SYSTEMPATH/Commands/Server/rewrite.php(43): require_once('FCPATH/index.php')
CRITICAL - 2022-10-06 11:40:52 --> Call to undefined function App\Entities\format_indo()
in APPPATH/Entities/User.php on line 40.
 1 SYSTEMPATH/Entity/Entity.php(491): App\Entities\User->getCreatedAt()
 2 SYSTEMPATH/Entity/Entity.php(173): CodeIgniter\Entity\Entity->__get()
 3 SYSTEMPATH/Entity/Entity.php(400): CodeIgniter\Entity\Entity->toArray()
 4 [internal function]: CodeIgniter\Entity\Entity->jsonSerialize()
 5 SYSTEMPATH/Format/JSONFormatter.php(38): json_encode()
 6 SYSTEMPATH/API/ResponseTrait.php(348): CodeIgniter\Format\JSONFormatter->format()
 7 SYSTEMPATH/API/ResponseTrait.php(99): CodeIgniter\RESTful\ResourceController->format()
 8 APPPATH/Controllers/UserController.php(25): CodeIgniter\RESTful\ResourceController->respond()
 9 SYSTEMPATH/CodeIgniter.php(907): App\Controllers\UserController->index()
10 SYSTEMPATH/CodeIgniter.php(457): CodeIgniter\CodeIgniter->runController()
11 SYSTEMPATH/CodeIgniter.php(340): CodeIgniter\CodeIgniter->handleRequest()
12 FCPATH/index.php(67): CodeIgniter\CodeIgniter->run()
13 SYSTEMPATH/Commands/Server/rewrite.php(43): require_once('FCPATH/index.php')
