ERROR - 2022-10-07 09:30:26 --> Error connecting to the database: mysqli_sql_exception: Access denied for user 'root'@'localhost' in /home/rendi/Documents/Project/Mutation/system/Database/MySQLi/Connection.php:171
Stack trace:
#0 /home/rendi/Documents/Project/Mutation/system/Database/MySQLi/Connection.php(171): mysqli->real_connect()
#1 /home/rendi/Documents/Project/Mutation/system/Database/BaseConnection.php(382): CodeIgniter\Database\MySQLi\Connection->connect()
#2 /home/rendi/Documents/Project/Mutation/system/Database/BaseConnection.php(588): CodeIgniter\Database\BaseConnection->initialize()
#3 /home/rendi/Documents/Project/Mutation/system/Database/BaseBuilder.php(1585): CodeIgniter\Database\BaseConnection->query()
#4 /home/rendi/Documents/Project/Mutation/system/Model.php(223): CodeIgniter\Database\BaseBuilder->get()
#5 /home/rendi/Documents/Project/Mutation/system/BaseModel.php(584): CodeIgniter\Model->doFindAll()
#6 /home/rendi/Documents/Project/Mutation/app/Controllers/UserController.php(20): CodeIgniter\BaseModel->findAll()
#7 /home/rendi/Documents/Project/Mutation/system/CodeIgniter.php(907): App\Controllers\UserController->index()
#8 /home/rendi/Documents/Project/Mutation/system/CodeIgniter.php(457): CodeIgniter\CodeIgniter->runController()
#9 /home/rendi/Documents/Project/Mutation/system/CodeIgniter.php(340): CodeIgniter\CodeIgniter->handleRequest()
#10 /home/rendi/Documents/Project/Mutation/public/index.php(67): CodeIgniter\CodeIgniter->run()
#11 /home/rendi/Documents/Project/Mutation/system/Commands/Server/rewrite.php(43): require_once('...')
#12 {main}

Next CodeIgniter\Database\Exceptions\DatabaseException: Access denied for user '****'@'localhost' in /home/rendi/Documents/Project/Mutation/system/Database/MySQLi/Connection.php:215
Stack trace:
#0 /home/rendi/Documents/Project/Mutation/system/Database/BaseConnection.php(382): CodeIgniter\Database\MySQLi\Connection->connect()
#1 /home/rendi/Documents/Project/Mutation/system/Database/BaseConnection.php(588): CodeIgniter\Database\BaseConnection->initialize()
#2 /home/rendi/Documents/Project/Mutation/system/Database/BaseBuilder.php(1585): CodeIgniter\Database\BaseConnection->query()
#3 /home/rendi/Documents/Project/Mutation/system/Model.php(223): CodeIgniter\Database\BaseBuilder->get()
#4 /home/rendi/Documents/Project/Mutation/system/BaseModel.php(584): CodeIgniter\Model->doFindAll()
#5 /home/rendi/Documents/Project/Mutation/app/Controllers/UserController.php(20): CodeIgniter\BaseModel->findAll()
#6 /home/rendi/Documents/Project/Mutation/system/CodeIgniter.php(907): App\Controllers\UserController->index()
#7 /home/rendi/Documents/Project/Mutation/system/CodeIgniter.php(457): CodeIgniter\CodeIgniter->runController()
#8 /home/rendi/Documents/Project/Mutation/system/CodeIgniter.php(340): CodeIgniter\CodeIgniter->handleRequest()
#9 /home/rendi/Documents/Project/Mutation/public/index.php(67): CodeIgniter\CodeIgniter->run()
#10 /home/rendi/Documents/Project/Mutation/system/Commands/Server/rewrite.php(43): require_once('...')
#11 {main}
CRITICAL - 2022-10-07 09:30:26 --> Unable to connect to the database.
Main connection [MySQLi]: Access denied for user '****'@'localhost'
in SYSTEMPATH/Database/BaseConnection.php on line 418.
 1 SYSTEMPATH/Database/BaseConnection.php(588): CodeIgniter\Database\BaseConnection->initialize()
 2 SYSTEMPATH/Database/BaseBuilder.php(1585): CodeIgniter\Database\BaseConnection->query()
 3 SYSTEMPATH/Model.php(223): CodeIgniter\Database\BaseBuilder->get()
 4 SYSTEMPATH/BaseModel.php(584): CodeIgniter\Model->doFindAll()
 5 APPPATH/Controllers/UserController.php(20): CodeIgniter\BaseModel->findAll()
 6 SYSTEMPATH/CodeIgniter.php(907): App\Controllers\UserController->index()
 7 SYSTEMPATH/CodeIgniter.php(457): CodeIgniter\CodeIgniter->runController()
 8 SYSTEMPATH/CodeIgniter.php(340): CodeIgniter\CodeIgniter->handleRequest()
 9 FCPATH/index.php(67): CodeIgniter\CodeIgniter->run()
10 SYSTEMPATH/Commands/Server/rewrite.php(43): require_once('FCPATH/index.php')
CRITICAL - 2022-10-07 09:30:45 --> Call to undefined function App\Entities\format_indo()
in APPPATH/Entities/User.php on line 44.
 1 SYSTEMPATH/Entity/Entity.php(491): App\Entities\User->getCreatedAt()
 2 SYSTEMPATH/Entity/Entity.php(173): CodeIgniter\Entity\Entity->__get()
 3 SYSTEMPATH/Entity/Entity.php(400): CodeIgniter\Entity\Entity->toArray()
 4 [internal function]: CodeIgniter\Entity\Entity->jsonSerialize()
 5 SYSTEMPATH/Format/JSONFormatter.php(38): json_encode()
 6 SYSTEMPATH/API/ResponseTrait.php(348): CodeIgniter\Format\JSONFormatter->format()
 7 SYSTEMPATH/API/ResponseTrait.php(99): CodeIgniter\RESTful\ResourceController->format()
 8 APPPATH/Controllers/UserController.php(25): CodeIgniter\RESTful\ResourceController->respond()
 9 SYSTEMPATH/CodeIgniter.php(907): App\Controllers\UserController->index()
10 SYSTEMPATH/CodeIgniter.php(457): CodeIgniter\CodeIgniter->runController()
11 SYSTEMPATH/CodeIgniter.php(340): CodeIgniter\CodeIgniter->handleRequest()
12 FCPATH/index.php(67): CodeIgniter\CodeIgniter->run()
13 SYSTEMPATH/Commands/Server/rewrite.php(43): require_once('FCPATH/index.php')
CRITICAL - 2022-10-07 09:30:46 --> Call to undefined function App\Entities\format_indo()
in APPPATH/Entities/User.php on line 44.
 1 SYSTEMPATH/Entity/Entity.php(491): App\Entities\User->getCreatedAt()
 2 SYSTEMPATH/Entity/Entity.php(173): CodeIgniter\Entity\Entity->__get()
 3 SYSTEMPATH/Entity/Entity.php(400): CodeIgniter\Entity\Entity->toArray()
 4 [internal function]: CodeIgniter\Entity\Entity->jsonSerialize()
 5 SYSTEMPATH/Format/JSONFormatter.php(38): json_encode()
 6 SYSTEMPATH/API/ResponseTrait.php(348): CodeIgniter\Format\JSONFormatter->format()
 7 SYSTEMPATH/API/ResponseTrait.php(99): CodeIgniter\RESTful\ResourceController->format()
 8 APPPATH/Controllers/UserController.php(25): CodeIgniter\RESTful\ResourceController->respond()
 9 SYSTEMPATH/CodeIgniter.php(907): App\Controllers\UserController->index()
10 SYSTEMPATH/CodeIgniter.php(457): CodeIgniter\CodeIgniter->runController()
11 SYSTEMPATH/CodeIgniter.php(340): CodeIgniter\CodeIgniter->handleRequest()
12 FCPATH/index.php(67): CodeIgniter\CodeIgniter->run()
13 SYSTEMPATH/Commands/Server/rewrite.php(43): require_once('FCPATH/index.php')
CRITICAL - 2022-10-07 09:30:47 --> Call to undefined function App\Entities\format_indo()
in APPPATH/Entities/User.php on line 44.
 1 SYSTEMPATH/Entity/Entity.php(491): App\Entities\User->getCreatedAt()
 2 SYSTEMPATH/Entity/Entity.php(173): CodeIgniter\Entity\Entity->__get()
 3 SYSTEMPATH/Entity/Entity.php(400): CodeIgniter\Entity\Entity->toArray()
 4 [internal function]: CodeIgniter\Entity\Entity->jsonSerialize()
 5 SYSTEMPATH/Format/JSONFormatter.php(38): json_encode()
 6 SYSTEMPATH/API/ResponseTrait.php(348): CodeIgniter\Format\JSONFormatter->format()
 7 SYSTEMPATH/API/ResponseTrait.php(99): CodeIgniter\RESTful\ResourceController->format()
 8 APPPATH/Controllers/UserController.php(25): CodeIgniter\RESTful\ResourceController->respond()
 9 SYSTEMPATH/CodeIgniter.php(907): App\Controllers\UserController->index()
10 SYSTEMPATH/CodeIgniter.php(457): CodeIgniter\CodeIgniter->runController()
11 SYSTEMPATH/CodeIgniter.php(340): CodeIgniter\CodeIgniter->handleRequest()
12 FCPATH/index.php(67): CodeIgniter\CodeIgniter->run()
13 SYSTEMPATH/Commands/Server/rewrite.php(43): require_once('FCPATH/index.php')
CRITICAL - 2022-10-07 09:31:56 --> Call to undefined function App\Entities\format_indo()
in APPPATH/Entities/User.php on line 46.
 1 SYSTEMPATH/Entity/Entity.php(491): App\Entities\User->getCreatedAt()
 2 SYSTEMPATH/Entity/Entity.php(173): CodeIgniter\Entity\Entity->__get()
 3 SYSTEMPATH/Entity/Entity.php(400): CodeIgniter\Entity\Entity->toArray()
 4 [internal function]: CodeIgniter\Entity\Entity->jsonSerialize()
 5 SYSTEMPATH/Format/JSONFormatter.php(38): json_encode()
 6 SYSTEMPATH/API/ResponseTrait.php(348): CodeIgniter\Format\JSONFormatter->format()
 7 SYSTEMPATH/API/ResponseTrait.php(99): CodeIgniter\RESTful\ResourceController->format()
 8 APPPATH/Controllers/UserController.php(25): CodeIgniter\RESTful\ResourceController->respond()
 9 SYSTEMPATH/CodeIgniter.php(907): App\Controllers\UserController->index()
10 SYSTEMPATH/CodeIgniter.php(457): CodeIgniter\CodeIgniter->runController()
11 SYSTEMPATH/CodeIgniter.php(340): CodeIgniter\CodeIgniter->handleRequest()
12 FCPATH/index.php(67): CodeIgniter\CodeIgniter->run()
13 SYSTEMPATH/Commands/Server/rewrite.php(43): require_once('FCPATH/index.php')
CRITICAL - 2022-10-07 09:32:34 --> Call to undefined function App\Entities\format_indo()
in APPPATH/Entities/User.php on line 47.
 1 SYSTEMPATH/Entity/Entity.php(491): App\Entities\User->getCreatedAt()
 2 SYSTEMPATH/Entity/Entity.php(173): CodeIgniter\Entity\Entity->__get()
 3 SYSTEMPATH/Entity/Entity.php(400): CodeIgniter\Entity\Entity->toArray()
 4 [internal function]: CodeIgniter\Entity\Entity->jsonSerialize()
 5 SYSTEMPATH/Format/JSONFormatter.php(38): json_encode()
 6 SYSTEMPATH/API/ResponseTrait.php(348): CodeIgniter\Format\JSONFormatter->format()
 7 SYSTEMPATH/API/ResponseTrait.php(99): CodeIgniter\RESTful\ResourceController->format()
 8 APPPATH/Controllers/UserController.php(25): CodeIgniter\RESTful\ResourceController->respond()
 9 SYSTEMPATH/CodeIgniter.php(907): App\Controllers\UserController->index()
10 SYSTEMPATH/CodeIgniter.php(457): CodeIgniter\CodeIgniter->runController()
11 SYSTEMPATH/CodeIgniter.php(340): CodeIgniter\CodeIgniter->handleRequest()
12 FCPATH/index.php(67): CodeIgniter\CodeIgniter->run()
13 SYSTEMPATH/Commands/Server/rewrite.php(43): require_once('FCPATH/index.php')
CRITICAL - 2022-10-07 21:34:32 --> Failed to parse time string (06 Oktober 2022 00:00) at position 0 (0): Unexpected character
in SYSTEMPATH/I18n/Time.php on line 100.
 1 SYSTEMPATH/I18n/Time.php(100): DateTime->__construct()
 2 SYSTEMPATH/I18n/Time.php(131): CodeIgniter\I18n\Time->__construct()
 3 SYSTEMPATH/Entity/Cast/DatetimeCast.php(45): CodeIgniter\I18n\Time::parse()
 4 SYSTEMPATH/Entity/Entity.php(320): CodeIgniter\Entity\Cast\DatetimeCast::get()
 5 SYSTEMPATH/Entity/Entity.php(502): CodeIgniter\Entity\Entity->mutateDate()
 6 SYSTEMPATH/Entity/Entity.php(173): CodeIgniter\Entity\Entity->__get()
 7 SYSTEMPATH/Entity/Entity.php(400): CodeIgniter\Entity\Entity->toArray()
 8 [internal function]: CodeIgniter\Entity\Entity->jsonSerialize()
 9 SYSTEMPATH/Format/JSONFormatter.php(38): json_encode()
10 SYSTEMPATH/API/ResponseTrait.php(348): CodeIgniter\Format\JSONFormatter->format()
11 SYSTEMPATH/API/ResponseTrait.php(99): CodeIgniter\RESTful\ResourceController->format()
12 APPPATH/Controllers/UserController.php(25): CodeIgniter\RESTful\ResourceController->respond()
13 SYSTEMPATH/CodeIgniter.php(907): App\Controllers\UserController->index()
14 SYSTEMPATH/CodeIgniter.php(457): CodeIgniter\CodeIgniter->runController()
15 SYSTEMPATH/CodeIgniter.php(340): CodeIgniter\CodeIgniter->handleRequest()
16 FCPATH/index.php(67): CodeIgniter\CodeIgniter->run()
17 SYSTEMPATH/Commands/Server/rewrite.php(43): require_once('FCPATH/index.php')
CRITICAL - 2022-10-07 09:34:52 --> Failed to parse time string (06 Oktober 2022 00:00) at position 0 (0): Unexpected character
in SYSTEMPATH/I18n/Time.php on line 100.
 1 SYSTEMPATH/I18n/Time.php(100): DateTime->__construct()
 2 SYSTEMPATH/I18n/Time.php(131): CodeIgniter\I18n\Time->__construct()
 3 SYSTEMPATH/Entity/Cast/DatetimeCast.php(45): CodeIgniter\I18n\Time::parse()
 4 SYSTEMPATH/Entity/Entity.php(320): CodeIgniter\Entity\Cast\DatetimeCast::get()
 5 SYSTEMPATH/Entity/Entity.php(502): CodeIgniter\Entity\Entity->mutateDate()
 6 SYSTEMPATH/Entity/Entity.php(173): CodeIgniter\Entity\Entity->__get()
 7 SYSTEMPATH/Entity/Entity.php(400): CodeIgniter\Entity\Entity->toArray()
 8 [internal function]: CodeIgniter\Entity\Entity->jsonSerialize()
 9 SYSTEMPATH/Format/JSONFormatter.php(38): json_encode()
10 SYSTEMPATH/API/ResponseTrait.php(348): CodeIgniter\Format\JSONFormatter->format()
11 SYSTEMPATH/API/ResponseTrait.php(99): CodeIgniter\RESTful\ResourceController->format()
12 APPPATH/Controllers/UserController.php(25): CodeIgniter\RESTful\ResourceController->respond()
13 SYSTEMPATH/CodeIgniter.php(907): App\Controllers\UserController->index()
14 SYSTEMPATH/CodeIgniter.php(457): CodeIgniter\CodeIgniter->runController()
15 SYSTEMPATH/CodeIgniter.php(340): CodeIgniter\CodeIgniter->handleRequest()
16 FCPATH/index.php(67): CodeIgniter\CodeIgniter->run()
17 SYSTEMPATH/Commands/Server/rewrite.php(43): require_once('FCPATH/index.php')
CRITICAL - 2022-10-07 09:34:52 --> Failed to parse time string (06 Oktober 2022 00:00) at position 0 (0): Unexpected character
in SYSTEMPATH/I18n/Time.php on line 100.
 1 SYSTEMPATH/I18n/Time.php(100): DateTime->__construct()
 2 SYSTEMPATH/I18n/Time.php(131): CodeIgniter\I18n\Time->__construct()
 3 SYSTEMPATH/Entity/Cast/DatetimeCast.php(45): CodeIgniter\I18n\Time::parse()
 4 SYSTEMPATH/Entity/Entity.php(320): CodeIgniter\Entity\Cast\DatetimeCast::get()
 5 SYSTEMPATH/Entity/Entity.php(502): CodeIgniter\Entity\Entity->mutateDate()
 6 SYSTEMPATH/Entity/Entity.php(173): CodeIgniter\Entity\Entity->__get()
 7 SYSTEMPATH/Entity/Entity.php(400): CodeIgniter\Entity\Entity->toArray()
 8 [internal function]: CodeIgniter\Entity\Entity->jsonSerialize()
 9 SYSTEMPATH/Format/JSONFormatter.php(38): json_encode()
10 SYSTEMPATH/API/ResponseTrait.php(348): CodeIgniter\Format\JSONFormatter->format()
11 SYSTEMPATH/API/ResponseTrait.php(99): CodeIgniter\RESTful\ResourceController->format()
12 APPPATH/Controllers/UserController.php(25): CodeIgniter\RESTful\ResourceController->respond()
13 SYSTEMPATH/CodeIgniter.php(907): App\Controllers\UserController->index()
14 SYSTEMPATH/CodeIgniter.php(457): CodeIgniter\CodeIgniter->runController()
15 SYSTEMPATH/CodeIgniter.php(340): CodeIgniter\CodeIgniter->handleRequest()
16 FCPATH/index.php(67): CodeIgniter\CodeIgniter->run()
17 SYSTEMPATH/Commands/Server/rewrite.php(43): require_once('FCPATH/index.php')
CRITICAL - 2022-10-07 09:35:25 --> Call to a member function format() on string
in APPPATH/Entities/User.php on line 46.
 1 SYSTEMPATH/Entity/Entity.php(491): App\Entities\User->getCreatedAt()
 2 SYSTEMPATH/Entity/Entity.php(173): CodeIgniter\Entity\Entity->__get()
 3 SYSTEMPATH/Entity/Entity.php(400): CodeIgniter\Entity\Entity->toArray()
 4 [internal function]: CodeIgniter\Entity\Entity->jsonSerialize()
 5 SYSTEMPATH/Format/JSONFormatter.php(38): json_encode()
 6 SYSTEMPATH/API/ResponseTrait.php(348): CodeIgniter\Format\JSONFormatter->format()
 7 SYSTEMPATH/API/ResponseTrait.php(99): CodeIgniter\RESTful\ResourceController->format()
 8 APPPATH/Controllers/UserController.php(25): CodeIgniter\RESTful\ResourceController->respond()
 9 SYSTEMPATH/CodeIgniter.php(907): App\Controllers\UserController->index()
10 SYSTEMPATH/CodeIgniter.php(457): CodeIgniter\CodeIgniter->runController()
11 SYSTEMPATH/CodeIgniter.php(340): CodeIgniter\CodeIgniter->handleRequest()
12 FCPATH/index.php(67): CodeIgniter\CodeIgniter->run()
13 SYSTEMPATH/Commands/Server/rewrite.php(43): require_once('FCPATH/index.php')
CRITICAL - 2022-10-07 09:35:57 --> Call to a member function date() on string
in APPPATH/Entities/User.php on line 46.
 1 SYSTEMPATH/Entity/Entity.php(491): App\Entities\User->getCreatedAt()
 2 SYSTEMPATH/Entity/Entity.php(173): CodeIgniter\Entity\Entity->__get()
 3 SYSTEMPATH/Entity/Entity.php(400): CodeIgniter\Entity\Entity->toArray()
 4 [internal function]: CodeIgniter\Entity\Entity->jsonSerialize()
 5 SYSTEMPATH/Format/JSONFormatter.php(38): json_encode()
 6 SYSTEMPATH/API/ResponseTrait.php(348): CodeIgniter\Format\JSONFormatter->format()
 7 SYSTEMPATH/API/ResponseTrait.php(99): CodeIgniter\RESTful\ResourceController->format()
 8 APPPATH/Controllers/UserController.php(25): CodeIgniter\RESTful\ResourceController->respond()
 9 SYSTEMPATH/CodeIgniter.php(907): App\Controllers\UserController->index()
10 SYSTEMPATH/CodeIgniter.php(457): CodeIgniter\CodeIgniter->runController()
11 SYSTEMPATH/CodeIgniter.php(340): CodeIgniter\CodeIgniter->handleRequest()
12 FCPATH/index.php(67): CodeIgniter\CodeIgniter->run()
13 SYSTEMPATH/Commands/Server/rewrite.php(43): require_once('FCPATH/index.php')
CRITICAL - 2022-10-07 09:39:30 --> Attempt to read property "date" on string
in APPPATH/Entities/User.php on line 47.
 1 APPPATH/Entities/User.php(47): CodeIgniter\Debug\Exceptions->errorHandler()
 2 SYSTEMPATH/Entity/Entity.php(491): App\Entities\User->getCreatedAt()
 3 SYSTEMPATH/Entity/Entity.php(173): CodeIgniter\Entity\Entity->__get()
 4 SYSTEMPATH/Entity/Entity.php(400): CodeIgniter\Entity\Entity->toArray()
 5 [internal function]: CodeIgniter\Entity\Entity->jsonSerialize()
 6 SYSTEMPATH/Format/JSONFormatter.php(38): json_encode()
 7 SYSTEMPATH/API/ResponseTrait.php(348): CodeIgniter\Format\JSONFormatter->format()
 8 SYSTEMPATH/API/ResponseTrait.php(99): CodeIgniter\RESTful\ResourceController->format()
 9 APPPATH/Controllers/UserController.php(25): CodeIgniter\RESTful\ResourceController->respond()
10 SYSTEMPATH/CodeIgniter.php(907): App\Controllers\UserController->index()
11 SYSTEMPATH/CodeIgniter.php(457): CodeIgniter\CodeIgniter->runController()
12 SYSTEMPATH/CodeIgniter.php(340): CodeIgniter\CodeIgniter->handleRequest()
13 FCPATH/index.php(67): CodeIgniter\CodeIgniter->run()
14 SYSTEMPATH/Commands/Server/rewrite.php(43): require_once('FCPATH/index.php')
CRITICAL - 2022-10-07 09:39:31 --> Attempt to read property "date" on string
in APPPATH/Entities/User.php on line 47.
 1 APPPATH/Entities/User.php(47): CodeIgniter\Debug\Exceptions->errorHandler()
 2 SYSTEMPATH/Entity/Entity.php(491): App\Entities\User->getCreatedAt()
 3 SYSTEMPATH/Entity/Entity.php(173): CodeIgniter\Entity\Entity->__get()
 4 SYSTEMPATH/Entity/Entity.php(400): CodeIgniter\Entity\Entity->toArray()
 5 [internal function]: CodeIgniter\Entity\Entity->jsonSerialize()
 6 SYSTEMPATH/Format/JSONFormatter.php(38): json_encode()
 7 SYSTEMPATH/API/ResponseTrait.php(348): CodeIgniter\Format\JSONFormatter->format()
 8 SYSTEMPATH/API/ResponseTrait.php(99): CodeIgniter\RESTful\ResourceController->format()
 9 APPPATH/Controllers/UserController.php(25): CodeIgniter\RESTful\ResourceController->respond()
10 SYSTEMPATH/CodeIgniter.php(907): App\Controllers\UserController->index()
11 SYSTEMPATH/CodeIgniter.php(457): CodeIgniter\CodeIgniter->runController()
12 SYSTEMPATH/CodeIgniter.php(340): CodeIgniter\CodeIgniter->handleRequest()
13 FCPATH/index.php(67): CodeIgniter\CodeIgniter->run()
14 SYSTEMPATH/Commands/Server/rewrite.php(43): require_once('FCPATH/index.php')
CRITICAL - 2022-10-07 09:40:09 --> Call to a member function format() on string
in APPPATH/Entities/User.php on line 47.
 1 SYSTEMPATH/Entity/Entity.php(491): App\Entities\User->getCreatedAt()
 2 SYSTEMPATH/Entity/Entity.php(173): CodeIgniter\Entity\Entity->__get()
 3 SYSTEMPATH/Entity/Entity.php(400): CodeIgniter\Entity\Entity->toArray()
 4 [internal function]: CodeIgniter\Entity\Entity->jsonSerialize()
 5 SYSTEMPATH/Format/JSONFormatter.php(38): json_encode()
 6 SYSTEMPATH/API/ResponseTrait.php(348): CodeIgniter\Format\JSONFormatter->format()
 7 SYSTEMPATH/API/ResponseTrait.php(99): CodeIgniter\RESTful\ResourceController->format()
 8 APPPATH/Controllers/UserController.php(25): CodeIgniter\RESTful\ResourceController->respond()
 9 SYSTEMPATH/CodeIgniter.php(907): App\Controllers\UserController->index()
10 SYSTEMPATH/CodeIgniter.php(457): CodeIgniter\CodeIgniter->runController()
11 SYSTEMPATH/CodeIgniter.php(340): CodeIgniter\CodeIgniter->handleRequest()
12 FCPATH/index.php(67): CodeIgniter\CodeIgniter->run()
13 SYSTEMPATH/Commands/Server/rewrite.php(43): require_once('FCPATH/index.php')
CRITICAL - 2022-10-07 09:48:52 --> Call to a member function format() on string
in APPPATH/Entities/User.php on line 47.
 1 SYSTEMPATH/Entity/Entity.php(491): App\Entities\User->getCreatedAt()
 2 SYSTEMPATH/Entity/Entity.php(173): CodeIgniter\Entity\Entity->__get()
 3 SYSTEMPATH/Entity/Entity.php(400): CodeIgniter\Entity\Entity->toArray()
 4 [internal function]: CodeIgniter\Entity\Entity->jsonSerialize()
 5 SYSTEMPATH/Format/JSONFormatter.php(38): json_encode()
 6 SYSTEMPATH/API/ResponseTrait.php(348): CodeIgniter\Format\JSONFormatter->format()
 7 SYSTEMPATH/API/ResponseTrait.php(99): CodeIgniter\RESTful\ResourceController->format()
 8 APPPATH/Controllers/UserController.php(25): CodeIgniter\RESTful\ResourceController->respond()
 9 SYSTEMPATH/CodeIgniter.php(907): App\Controllers\UserController->index()
10 SYSTEMPATH/CodeIgniter.php(457): CodeIgniter\CodeIgniter->runController()
11 SYSTEMPATH/CodeIgniter.php(340): CodeIgniter\CodeIgniter->handleRequest()
12 FCPATH/index.php(67): CodeIgniter\CodeIgniter->run()
13 SYSTEMPATH/Commands/Server/rewrite.php(43): require_once('FCPATH/index.php')
CRITICAL - 2022-10-07 09:48:55 --> Call to a member function format() on string
in APPPATH/Entities/User.php on line 47.
 1 SYSTEMPATH/Entity/Entity.php(491): App\Entities\User->getCreatedAt()
 2 SYSTEMPATH/Entity/Entity.php(173): CodeIgniter\Entity\Entity->__get()
 3 SYSTEMPATH/Entity/Entity.php(400): CodeIgniter\Entity\Entity->toArray()
 4 [internal function]: CodeIgniter\Entity\Entity->jsonSerialize()
 5 SYSTEMPATH/Format/JSONFormatter.php(38): json_encode()
 6 SYSTEMPATH/API/ResponseTrait.php(348): CodeIgniter\Format\JSONFormatter->format()
 7 SYSTEMPATH/API/ResponseTrait.php(99): CodeIgniter\RESTful\ResourceController->format()
 8 APPPATH/Controllers/UserController.php(42): CodeIgniter\RESTful\ResourceController->respond()
 9 SYSTEMPATH/CodeIgniter.php(907): App\Controllers\UserController->show()
10 SYSTEMPATH/CodeIgniter.php(457): CodeIgniter\CodeIgniter->runController()
11 SYSTEMPATH/CodeIgniter.php(340): CodeIgniter\CodeIgniter->handleRequest()
12 FCPATH/index.php(67): CodeIgniter\CodeIgniter->run()
13 SYSTEMPATH/Commands/Server/rewrite.php(43): require_once('FCPATH/index.php')
CRITICAL - 2022-10-07 09:50:41 --> Class "App\Request\UserRequest" not found
in APPPATH/Controllers/UserController.php on line 57.
 1 SYSTEMPATH/CodeIgniter.php(907): App\Controllers\UserController->create()
 2 SYSTEMPATH/CodeIgniter.php(457): CodeIgniter\CodeIgniter->runController()
 3 SYSTEMPATH/CodeIgniter.php(340): CodeIgniter\CodeIgniter->handleRequest()
 4 FCPATH/index.php(67): CodeIgniter\CodeIgniter->run()
 5 SYSTEMPATH/Commands/Server/rewrite.php(43): require_once('FCPATH/index.php')
CRITICAL - 2022-10-07 09:54:05 --> Class "App\Request\UserRequest" not found
in APPPATH/Controllers/UserController.php on line 84.
 1 SYSTEMPATH/CodeIgniter.php(907): App\Controllers\UserController->create()
 2 SYSTEMPATH/CodeIgniter.php(457): CodeIgniter\CodeIgniter->runController()
 3 SYSTEMPATH/CodeIgniter.php(340): CodeIgniter\CodeIgniter->handleRequest()
 4 FCPATH/index.php(67): CodeIgniter\CodeIgniter->run()
 5 SYSTEMPATH/Commands/Server/rewrite.php(43): require_once('FCPATH/index.php')
CRITICAL - 2022-10-07 09:54:51 --> password_hash(): Passing null to parameter #1 ($password) of type string is deprecated
in APPPATH/Controllers/UserController.php on line 86.
 1 [internal function]: CodeIgniter\Debug\Exceptions->errorHandler()
 2 APPPATH/Controllers/UserController.php(86): password_hash()
 3 SYSTEMPATH/CodeIgniter.php(907): App\Controllers\UserController->create()
 4 SYSTEMPATH/CodeIgniter.php(457): CodeIgniter\CodeIgniter->runController()
 5 SYSTEMPATH/CodeIgniter.php(340): CodeIgniter\CodeIgniter->handleRequest()
 6 FCPATH/index.php(67): CodeIgniter\CodeIgniter->run()
 7 SYSTEMPATH/Commands/Server/rewrite.php(43): require_once('FCPATH/index.php')
CRITICAL - 2022-10-07 09:54:53 --> password_hash(): Passing null to parameter #1 ($password) of type string is deprecated
in APPPATH/Controllers/UserController.php on line 86.
 1 [internal function]: CodeIgniter\Debug\Exceptions->errorHandler()
 2 APPPATH/Controllers/UserController.php(86): password_hash()
 3 SYSTEMPATH/CodeIgniter.php(907): App\Controllers\UserController->create()
 4 SYSTEMPATH/CodeIgniter.php(457): CodeIgniter\CodeIgniter->runController()
 5 SYSTEMPATH/CodeIgniter.php(340): CodeIgniter\CodeIgniter->handleRequest()
 6 FCPATH/index.php(67): CodeIgniter\CodeIgniter->run()
 7 SYSTEMPATH/Commands/Server/rewrite.php(43): require_once('FCPATH/index.php')
CRITICAL - 2022-10-07 09:55:13 --> password_hash(): Passing null to parameter #1 ($password) of type string is deprecated
in APPPATH/Controllers/UserController.php on line 86.
 1 [internal function]: CodeIgniter\Debug\Exceptions->errorHandler()
 2 APPPATH/Controllers/UserController.php(86): password_hash()
 3 SYSTEMPATH/CodeIgniter.php(907): App\Controllers\UserController->create()
 4 SYSTEMPATH/CodeIgniter.php(457): CodeIgniter\CodeIgniter->runController()
 5 SYSTEMPATH/CodeIgniter.php(340): CodeIgniter\CodeIgniter->handleRequest()
 6 FCPATH/index.php(67): CodeIgniter\CodeIgniter->run()
 7 SYSTEMPATH/Commands/Server/rewrite.php(43): require_once('FCPATH/index.php')
CRITICAL - 2022-10-07 10:03:42 --> password_hash(): Passing null to parameter #1 ($password) of type string is deprecated
in APPPATH/Controllers/UserController.php on line 148.
 1 [internal function]: CodeIgniter\Debug\Exceptions->errorHandler()
 2 APPPATH/Controllers/UserController.php(148): password_hash()
 3 SYSTEMPATH/CodeIgniter.php(907): App\Controllers\UserController->update()
 4 SYSTEMPATH/CodeIgniter.php(457): CodeIgniter\CodeIgniter->runController()
 5 SYSTEMPATH/CodeIgniter.php(340): CodeIgniter\CodeIgniter->handleRequest()
 6 FCPATH/index.php(67): CodeIgniter\CodeIgniter->run()
 7 SYSTEMPATH/Commands/Server/rewrite.php(43): require_once('FCPATH/index.php')
CRITICAL - 2022-10-07 10:04:02 --> password_hash(): Passing null to parameter #1 ($password) of type string is deprecated
in APPPATH/Controllers/UserController.php on line 148.
 1 [internal function]: CodeIgniter\Debug\Exceptions->errorHandler()
 2 APPPATH/Controllers/UserController.php(148): password_hash()
 3 SYSTEMPATH/CodeIgniter.php(907): App\Controllers\UserController->update()
 4 SYSTEMPATH/CodeIgniter.php(457): CodeIgniter\CodeIgniter->runController()
 5 SYSTEMPATH/CodeIgniter.php(340): CodeIgniter\CodeIgniter->handleRequest()
 6 FCPATH/index.php(67): CodeIgniter\CodeIgniter->run()
 7 SYSTEMPATH/Commands/Server/rewrite.php(43): require_once('FCPATH/index.php')
CRITICAL - 2022-10-07 10:05:01 --> password_hash(): Passing null to parameter #1 ($password) of type string is deprecated
in APPPATH/Controllers/UserController.php on line 151.
 1 [internal function]: CodeIgniter\Debug\Exceptions->errorHandler()
 2 APPPATH/Controllers/UserController.php(151): password_hash()
 3 SYSTEMPATH/CodeIgniter.php(907): App\Controllers\UserController->update()
 4 SYSTEMPATH/CodeIgniter.php(457): CodeIgniter\CodeIgniter->runController()
 5 SYSTEMPATH/CodeIgniter.php(340): CodeIgniter\CodeIgniter->handleRequest()
 6 FCPATH/index.php(67): CodeIgniter\CodeIgniter->run()
 7 SYSTEMPATH/Commands/Server/rewrite.php(43): require_once('FCPATH/index.php')
CRITICAL - 2022-10-07 10:05:02 --> password_hash(): Passing null to parameter #1 ($password) of type string is deprecated
in APPPATH/Controllers/UserController.php on line 151.
 1 [internal function]: CodeIgniter\Debug\Exceptions->errorHandler()
 2 APPPATH/Controllers/UserController.php(151): password_hash()
 3 SYSTEMPATH/CodeIgniter.php(907): App\Controllers\UserController->update()
 4 SYSTEMPATH/CodeIgniter.php(457): CodeIgniter\CodeIgniter->runController()
 5 SYSTEMPATH/CodeIgniter.php(340): CodeIgniter\CodeIgniter->handleRequest()
 6 FCPATH/index.php(67): CodeIgniter\CodeIgniter->run()
 7 SYSTEMPATH/Commands/Server/rewrite.php(43): require_once('FCPATH/index.php')
CRITICAL - 2022-10-07 10:05:28 --> Call to undefined method CodeIgniter\HTTP\IncomingRequest::post()
in APPPATH/Controllers/UserController.php on line 148.
 1 SYSTEMPATH/CodeIgniter.php(907): App\Controllers\UserController->update()
 2 SYSTEMPATH/CodeIgniter.php(457): CodeIgniter\CodeIgniter->runController()
 3 SYSTEMPATH/CodeIgniter.php(340): CodeIgniter\CodeIgniter->handleRequest()
 4 FCPATH/index.php(67): CodeIgniter\CodeIgniter->run()
 5 SYSTEMPATH/Commands/Server/rewrite.php(43): require_once('FCPATH/index.php')
CRITICAL - 2022-10-07 10:05:29 --> Call to undefined method CodeIgniter\HTTP\IncomingRequest::post()
in APPPATH/Controllers/UserController.php on line 148.
 1 SYSTEMPATH/CodeIgniter.php(907): App\Controllers\UserController->update()
 2 SYSTEMPATH/CodeIgniter.php(457): CodeIgniter\CodeIgniter->runController()
 3 SYSTEMPATH/CodeIgniter.php(340): CodeIgniter\CodeIgniter->handleRequest()
 4 FCPATH/index.php(67): CodeIgniter\CodeIgniter->run()
 5 SYSTEMPATH/Commands/Server/rewrite.php(43): require_once('FCPATH/index.php')
CRITICAL - 2022-10-07 10:06:03 --> Call to undefined method CodeIgniter\HTTP\IncomingRequest::post()
in APPPATH/Controllers/UserController.php on line 148.
 1 SYSTEMPATH/CodeIgniter.php(907): App\Controllers\UserController->update()
 2 SYSTEMPATH/CodeIgniter.php(457): CodeIgniter\CodeIgniter->runController()
 3 SYSTEMPATH/CodeIgniter.php(340): CodeIgniter\CodeIgniter->handleRequest()
 4 FCPATH/index.php(67): CodeIgniter\CodeIgniter->run()
 5 SYSTEMPATH/Commands/Server/rewrite.php(43): require_once('FCPATH/index.php')
CRITICAL - 2022-10-07 10:06:05 --> Call to undefined method CodeIgniter\HTTP\IncomingRequest::post()
in APPPATH/Controllers/UserController.php on line 148.
 1 SYSTEMPATH/CodeIgniter.php(907): App\Controllers\UserController->update()
 2 SYSTEMPATH/CodeIgniter.php(457): CodeIgniter\CodeIgniter->runController()
 3 SYSTEMPATH/CodeIgniter.php(340): CodeIgniter\CodeIgniter->handleRequest()
 4 FCPATH/index.php(67): CodeIgniter\CodeIgniter->run()
 5 SYSTEMPATH/Commands/Server/rewrite.php(43): require_once('FCPATH/index.php')
CRITICAL - 2022-10-07 10:07:40 --> Call to undefined method CodeIgniter\HTTP\IncomingRequest::get()
in APPPATH/Controllers/UserController.php on line 148.
 1 SYSTEMPATH/CodeIgniter.php(907): App\Controllers\UserController->update()
 2 SYSTEMPATH/CodeIgniter.php(457): CodeIgniter\CodeIgniter->runController()
 3 SYSTEMPATH/CodeIgniter.php(340): CodeIgniter\CodeIgniter->handleRequest()
 4 FCPATH/index.php(67): CodeIgniter\CodeIgniter->run()
 5 SYSTEMPATH/Commands/Server/rewrite.php(43): require_once('FCPATH/index.php')
CRITICAL - 2022-10-07 10:09:06 --> Undefined variable $request
in APPPATH/Controllers/UserController.php on line 148.
 1 APPPATH/Controllers/UserController.php(148): CodeIgniter\Debug\Exceptions->errorHandler()
 2 SYSTEMPATH/CodeIgniter.php(907): App\Controllers\UserController->update()
 3 SYSTEMPATH/CodeIgniter.php(457): CodeIgniter\CodeIgniter->runController()
 4 SYSTEMPATH/CodeIgniter.php(340): CodeIgniter\CodeIgniter->handleRequest()
 5 FCPATH/index.php(67): CodeIgniter\CodeIgniter->run()
 6 SYSTEMPATH/Commands/Server/rewrite.php(43): require_once('FCPATH/index.php')
CRITICAL - 2022-10-07 10:11:08 --> Attempt to read property "username" on array
in APPPATH/Controllers/UserController.php on line 155.
 1 APPPATH/Controllers/UserController.php(155): CodeIgniter\Debug\Exceptions->errorHandler()
 2 SYSTEMPATH/CodeIgniter.php(907): App\Controllers\UserController->update()
 3 SYSTEMPATH/CodeIgniter.php(457): CodeIgniter\CodeIgniter->runController()
 4 SYSTEMPATH/CodeIgniter.php(340): CodeIgniter\CodeIgniter->handleRequest()
 5 FCPATH/index.php(67): CodeIgniter\CodeIgniter->run()
 6 SYSTEMPATH/Commands/Server/rewrite.php(43): require_once('FCPATH/index.php')
CRITICAL - 2022-10-07 10:11:09 --> Attempt to read property "username" on array
in APPPATH/Controllers/UserController.php on line 155.
 1 APPPATH/Controllers/UserController.php(155): CodeIgniter\Debug\Exceptions->errorHandler()
 2 SYSTEMPATH/CodeIgniter.php(907): App\Controllers\UserController->update()
 3 SYSTEMPATH/CodeIgniter.php(457): CodeIgniter\CodeIgniter->runController()
 4 SYSTEMPATH/CodeIgniter.php(340): CodeIgniter\CodeIgniter->handleRequest()
 5 FCPATH/index.php(67): CodeIgniter\CodeIgniter->run()
 6 SYSTEMPATH/Commands/Server/rewrite.php(43): require_once('FCPATH/index.php')
CRITICAL - 2022-10-07 10:11:53 --> Attempt to read property "username" on array
in APPPATH/Controllers/UserController.php on line 154.
 1 APPPATH/Controllers/UserController.php(154): CodeIgniter\Debug\Exceptions->errorHandler()
 2 SYSTEMPATH/CodeIgniter.php(907): App\Controllers\UserController->update()
 3 SYSTEMPATH/CodeIgniter.php(457): CodeIgniter\CodeIgniter->runController()
 4 SYSTEMPATH/CodeIgniter.php(340): CodeIgniter\CodeIgniter->handleRequest()
 5 FCPATH/index.php(67): CodeIgniter\CodeIgniter->run()
 6 SYSTEMPATH/Commands/Server/rewrite.php(43): require_once('FCPATH/index.php')
